<?xml version="1.0" encoding="UTF-8"?>
<testsuite name="rspec" tests="15" skipped="0" failures="0" errors="0" time="0.153779" timestamp="2020-09-11T18:26:18+00:00" hostname="9b2c446173f0">
<properties>
<property name="seed" value="50912"/>
</properties>
<testcase classname="spec.chelsea_spec" name="Chelsea has a version number" file="./spec/chelsea_spec.rb" time="0.001442"></testcase>
<testcase classname="spec.chelsea_spec" name="Chelsea has a version number" file="./spec/chelsea_spec.rb" time="0.000528"></testcase>
<testcase classname="spec.unit.bom_spec" name="Chelsea::Bom can render dependencies as xml" file="./spec/unit/bom_spec.rb" time="0.012137"></testcase>
<testcase classname="spec.unit.deps_spec" name="Chelsea::Deps can turn a name and version into a valid purl" file="./spec/unit/deps_spec.rb" time="0.000557"></testcase>
<testcase classname="spec.unit.deps_spec" name="Chelsea::Deps given a valid Gemfile.lock can collect dependencies" file="./spec/unit/deps_spec.rb" time="0.000179"></testcase>
<testcase classname="spec.unit.deps_spec" name="Chelsea::Deps given a valid Gemfile.lock can generate a valid coordinates object for OSS Index" file="./spec/unit/deps_spec.rb" time="0.000120"></testcase>
<testcase classname="spec.unit.deps_spec" name="Chelsea::Deps given an invalid path raises a RuntimeError with a message indicating invalid file path" file="./spec/unit/deps_spec.rb" time="0.003427"></testcase>
<testcase classname="spec.unit.formatters.json_spec" name="Chelsea::JsonFormatter print_results brings back a valid json object" file="./spec/unit/formatters/json_spec.rb" time="0.000600"></testcase>
<testcase classname="spec.unit.formatters.xml_spec" name="Chelsea::XMLFormatter print_results brings back a Ox xml style object" file="./spec/unit/formatters/xml_spec.rb" time="0.000620"></testcase>
<testcase classname="spec.unit.gems_spec" name="Chelsea::Gems when talking to OSS Index given a valid Gemfile.lock can collect dependencies, query, and print results" file="./spec/unit/gems_spec.rb" time="0.059672"></testcase>
<testcase classname="spec.unit.gems_spec" name="Chelsea::Gems when talking to OSS Index given an invalid Gemfile.lock will exit with a RuntimeError" file="./spec/unit/gems_spec.rb" time="0.002515"></testcase>
<testcase classname="spec.unit.iq_client_spec" name="Chelsea::IQClient with defaults should instantiate the client" file="./spec/unit/iq_client_spec.rb" time="0.000625"></testcase>
<testcase classname="spec.unit.iq_client_spec" name="Chelsea::IQClient with defaults with an generated dependencies sbom should be able to submit an sbom" file="./spec/unit/iq_client_spec.rb" time="0.014806"></testcase>
<testcase classname="spec.unit.iq_client_spec" name="Chelsea::IQClient with cli arguments should be able to submit an sbom" file="./spec/unit/iq_client_spec.rb" time="0.017430"></testcase>
<testcase classname="spec.unit.oss_index_spec" name="Chelsea::OSSIndex with defaults should instantiate the OSS Index client" file="./spec/unit/oss_index_spec.rb" time="0.000246"></testcase>
</testsuite>
